[debug] [2022-09-15T19:11:10.079Z] ----------------------------------------------------------------------
[debug] [2022-09-15T19:11:10.080Z] Command:       C:\Program Files\nodejs\node.exe C:\Users\profj\AppData\Roaming\npm\node_modules\firebase-tools\lib\bin\firebase.js init
[debug] [2022-09-15T19:11:10.080Z] CLI Version:   11.9.0
[debug] [2022-09-15T19:11:10.081Z] Platform:      win32
[debug] [2022-09-15T19:11:10.081Z] Node Version:  v16.16.0
[debug] [2022-09-15T19:11:10.082Z] Time:          Thu Sep 15 2022 16:11:10 GMT-0300 (Horário Padrão de Brasília)
[debug] [2022-09-15T19:11:10.082Z] ----------------------------------------------------------------------
[debug] 
[debug] [2022-09-15T19:11:10.084Z] >>> [apiv2][query] GET https://firebase-public.firebaseio.com/cli.json [none]
[debug] [2022-09-15T19:11:10.100Z] > command requires scopes: ["email","openid","https://www.googleapis.com/auth/cloudplatformprojects.readonly","https://www.googleapis.com/auth/firebase","https://www.googleapis.com/auth/cloud-platform"]
[debug] [2022-09-15T19:11:10.100Z] > authorizing via signed-in user (prof.carmino@gmail.com)
[info] 
     ######## #### ########  ######## ########     ###     ######  ########
     ##        ##  ##     ## ##       ##     ##  ##   ##  ##       ##
     ######    ##  ########  ######   ########  #########  ######  ######
     ##        ##  ##    ##  ##       ##     ## ##     ##       ## ##
     ##       #### ##     ## ######## ########  ##     ##  ######  ########

You're about to initialize a Firebase project in this directory:

  C:\ProjetosGithub\bancasonline

Before we get started, keep in mind:

  * You are currently outside your home directory

[debug] [2022-09-15T19:11:10.569Z] <<< [apiv2][status] GET https://firebase-public.firebaseio.com/cli.json 200
[debug] [2022-09-15T19:11:10.569Z] <<< [apiv2][body] GET https://firebase-public.firebaseio.com/cli.json {"cloudBuildErrorAfter":1594252800000,"cloudBuildWarnAfter":1590019200000,"defaultNode10After":1594252800000,"minVersion":"3.0.5","node8DeploysDisabledAfter":1613390400000,"node8RuntimeDisabledAfter":1615809600000,"node8WarnAfter":1600128000000}
